<?xml version="1.0" encoding="UTF-8"?>
<testsuite name="TriangleTest" tests="7" skipped="0" failures="0" errors="0" timestamp="2019-10-23T19:10:41" hostname="Namita" time="0.08">
  <properties/>
  <testcase name="constructorTest" classname="TriangleTest" time="0.0"/>
  <testcase name="stringConstructorTest" classname="TriangleTest" time="0.001"/>
  <testcase name="scaleTest" classname="TriangleTest" time="0.001"/>
  <testcase name="checkInvalidConstructor" classname="TriangleTest" time="0.0"/>
  <testcase name="moveTest" classname="TriangleTest" time="0.0"/>
  <testcase name="renderTest" classname="TriangleTest" time="0.039"/>
  <testcase name="computeAreaTest" classname="TriangleTest" time="0.034"/>
  <system-out><![CDATA[]]></system-out>
  <system-err><![CDATA[]]></system-err>
</testsuite>
