<?xml version="1.0" encoding="UTF-8"?>
<testsuite name="PointTest" tests="1" skipped="0" failures="0" errors="0" timestamp="2019-10-21T23:27:37" hostname="Namita" time="0.002">
  <properties/>
  <testcase name="testComputeArea" classname="PointTest" time="0.002"/>
  <system-out><![CDATA[]]></system-out>
  <system-err><![CDATA[]]></system-err>
</testsuite>
