<?xml version="1.0" encoding="UTF-8"?>
<testsuite name="PictureTest" tests="1" skipped="0" failures="0" errors="0" timestamp="2019-10-23T01:53:56" hostname="Namita" time="0.04">
  <properties/>
  <testcase name="render" classname="PictureTest" time="0.04"/>
  <system-out><![CDATA[]]></system-out>
  <system-err><![CDATA[]]></system-err>
</testsuite>
