<?xml version="1.0" encoding="UTF-8"?>
<testsuite name="TriangleTest" tests="1" skipped="0" failures="0" errors="0" timestamp="2019-10-22T23:17:31" hostname="Namita" time="0.006">
  <properties/>
  <testcase name="stringConstructorTest" classname="TriangleTest" time="0.006"/>
  <system-out><![CDATA[]]></system-out>
  <system-err><![CDATA[]]></system-err>
</testsuite>
