<?xml version="1.0" encoding="UTF-8"?>
<testsuite name="EmbeddedImageTest" tests="7" skipped="0" failures="0" errors="0" timestamp="2019-10-23T19:10:40" hostname="Namita" time="0.143">
  <properties/>
  <testcase name="constructorTest" classname="EmbeddedImageTest" time="0.094"/>
  <testcase name="stringConstructorTest" classname="EmbeddedImageTest" time="0.001"/>
  <testcase name="render" classname="EmbeddedImageTest" time="0.047"/>
  <testcase name="moveTest" classname="EmbeddedImageTest" time="0.0"/>
  <testcase name="scale" classname="EmbeddedImageTest" time="0.0"/>
  <testcase name="startPointTest" classname="EmbeddedImageTest" time="0.0"/>
  <testcase name="computeAreaTest" classname="EmbeddedImageTest" time="0.0"/>
  <system-out><![CDATA[]]></system-out>
  <system-err><![CDATA[]]></system-err>
</testsuite>
