<?xml version="1.0" encoding="UTF-8"?>
<testsuite name="CompositeTest" tests="3" skipped="0" failures="0" errors="0" timestamp="2019-10-22T04:43:35" hostname="Namita" time="0.008">
  <properties/>
  <testcase name="appendDeleteShapeTest" classname="CompositeTest" time="0.007"/>
  <testcase name="move" classname="CompositeTest" time="0.0"/>
  <testcase name="doubleCompositeTest" classname="CompositeTest" time="0.0"/>
  <system-out><![CDATA[]]></system-out>
  <system-err><![CDATA[]]></system-err>
</testsuite>
