<?xml version="1.0" encoding="UTF-8"?>
<testsuite name="CircleTest" tests="8" skipped="0" failures="0" errors="0" timestamp="2019-10-23T19:10:40" hostname="Namita" time="0.23">
  <properties/>
  <testcase name="stringConstructorTest" classname="CircleTest" time="0.006"/>
  <testcase name="testScale" classname="CircleTest" time="0.0"/>
  <testcase name="testMove" classname="CircleTest" time="0.0"/>
  <testcase name="renderCircleTesting" classname="CircleTest" time="0.222"/>
  <testcase name="testComputeArea" classname="CircleTest" time="0.0"/>
  <testcase name="testInvalidConstruction" classname="CircleTest" time="0.001"/>
  <testcase name="testValidConstruction" classname="CircleTest" time="0.0"/>
  <testcase name="testStrongEncapsulation" classname="CircleTest" time="0.0"/>
  <system-out><![CDATA[]]></system-out>
  <system-err><![CDATA[]]></system-err>
</testsuite>
