<?xml version="1.0" encoding="UTF-8"?>
<testsuite name="CompositeTest" tests="1" skipped="0" failures="0" errors="0" timestamp="2019-10-22T23:47:58" hostname="Namita" time="0.115">
  <properties/>
  <testcase name="toStringTest" classname="CompositeTest" time="0.115"/>
  <system-out><![CDATA[]]></system-out>
  <system-err><![CDATA[]]></system-err>
</testsuite>
