<?xml version="1.0" encoding="UTF-8"?>
<testsuite name="RectangleTest" tests="7" skipped="0" failures="0" errors="0" timestamp="2019-10-23T01:53:56" hostname="Namita" time="0.014">
  <properties/>
  <testcase name="constructorTest" classname="RectangleTest" time="0.001"/>
  <testcase name="stringConstructorTest" classname="RectangleTest" time="0.001"/>
  <testcase name="scaleTest" classname="RectangleTest" time="0.0"/>
  <testcase name="checkInvalidConstructor" classname="RectangleTest" time="0.0"/>
  <testcase name="moveTest" classname="RectangleTest" time="0.0"/>
  <testcase name="renderTest" classname="RectangleTest" time="0.007"/>
  <testcase name="computeAreaTest" classname="RectangleTest" time="0.0"/>
  <system-out><![CDATA[]]></system-out>
  <system-err><![CDATA[]]></system-err>
</testsuite>
