<?xml version="1.0" encoding="UTF-8"?>
<testsuite name="EmbeddedImageTest" tests="7" skipped="0" failures="0" errors="0" timestamp="2019-10-23T01:53:56" hostname="Namita" time="0.107">
  <properties/>
  <testcase name="constructorTest" classname="EmbeddedImageTest" time="0.085"/>
  <testcase name="stringConstructorTest" classname="EmbeddedImageTest" time="0.002"/>
  <testcase name="render" classname="EmbeddedImageTest" time="0.019"/>
  <testcase name="moveTest" classname="EmbeddedImageTest" time="0.0"/>
  <testcase name="scale" classname="EmbeddedImageTest" time="0.0"/>
  <testcase name="startPointTest" classname="EmbeddedImageTest" time="0.0"/>
  <testcase name="computeAreaTest" classname="EmbeddedImageTest" time="0.0"/>
  <system-out><![CDATA[]]></system-out>
  <system-err><![CDATA[]]></system-err>
</testsuite>
