<?xml version="1.0" encoding="UTF-8"?>
<testsuite name="ValidatorTest" tests="2" skipped="0" failures="0" errors="0" timestamp="2019-10-23T01:53:56" hostname="Namita" time="0.003">
  <properties/>
  <testcase name="testValidateDouble" classname="ValidatorTest" time="0.001"/>
  <testcase name="testValidatePositiveDouble" classname="ValidatorTest" time="0.002"/>
  <system-out><![CDATA[]]></system-out>
  <system-err><![CDATA[]]></system-err>
</testsuite>
