<?xml version="1.0" encoding="UTF-8"?>
<testsuite name="LineTest" tests="10" skipped="0" failures="0" errors="0" timestamp="2019-10-23T19:10:41" hostname="Namita" time="0.012">
  <properties/>
  <testcase name="testComputeLength" classname="LineTest" time="0.0"/>
  <testcase name="stringConstructorTest" classname="LineTest" time="0.0"/>
  <testcase name="testMove" classname="LineTest" time="0.0"/>
  <testcase name="testComputeSlope" classname="LineTest" time="0.0"/>
  <testcase name="testComputeArea" classname="LineTest" time="0.0"/>
  <testcase name="testRenderLine" classname="LineTest" time="0.008"/>
  <testcase name="testScaling" classname="LineTest" time="0.0"/>
  <testcase name="testInvalidConstruction" classname="LineTest" time="0.0"/>
  <testcase name="testValidConstruction" classname="LineTest" time="0.0"/>
  <testcase name="testStrongEncapsulation" classname="LineTest" time="0.0"/>
  <system-out><![CDATA[]]></system-out>
  <system-err><![CDATA[]]></system-err>
</testsuite>
