<?xml version="1.0" encoding="UTF-8"?>
<testsuite name="TriangleTest" tests="6" skipped="0" failures="0" errors="0" timestamp="2019-10-22T02:49:25" hostname="Namita" time="0.377">
  <properties/>
  <testcase name="constructorTest" classname="TriangleTest" time="0.011"/>
  <testcase name="checkInvalidConstructor" classname="TriangleTest" time="0.0"/>
  <testcase name="move" classname="TriangleTest" time="0.001"/>
  <testcase name="scale" classname="TriangleTest" time="0.003"/>
  <testcase name="computeArea" classname="TriangleTest" time="0.001"/>
  <testcase name="renderTest" classname="TriangleTest" time="0.357"/>
  <system-out><![CDATA[]]></system-out>
  <system-err><![CDATA[]]></system-err>
</testsuite>
