<?xml version="1.0" encoding="UTF-8"?>
<testsuite name="PointTest" tests="10" skipped="0" failures="0" errors="0" timestamp="2019-10-23T19:10:41" hostname="Namita" time="0.017">
  <properties/>
  <testcase name="stringConstructorTest" classname="PointTest" time="0.0"/>
  <testcase name="testClone" classname="PointTest" time="0.001"/>
  <testcase name="testMoveX" classname="PointTest" time="0.0"/>
  <testcase name="testMoveY" classname="PointTest" time="0.001"/>
  <testcase name="testMove" classname="PointTest" time="0.0"/>
  <testcase name="testComputeArea" classname="PointTest" time="0.0"/>
  <testcase name="scaleTesting" classname="PointTest" time="0.0"/>
  <testcase name="testInvalidConstruction" classname="PointTest" time="0.001"/>
  <testcase name="testRender" classname="PointTest" time="0.011"/>
  <testcase name="testValidConstruction" classname="PointTest" time="0.001"/>
  <system-out><![CDATA[can't scale point
]]></system-out>
  <system-err><![CDATA[]]></system-err>
</testsuite>
