<?xml version="1.0" encoding="UTF-8"?>
<testsuite name="LineTest" tests="1" skipped="0" failures="0" errors="0" timestamp="2019-10-22T00:13:23" hostname="Namita" time="0.091">
  <properties/>
  <testcase name="testRenderLine" classname="LineTest" time="0.091"/>
  <system-out><![CDATA[]]></system-out>
  <system-err><![CDATA[]]></system-err>
</testsuite>
