<?xml version="1.0" encoding="UTF-8"?>
<testsuite name="PictureTest" tests="1" skipped="0" failures="0" errors="0" timestamp="2019-10-23T19:10:41" hostname="Namita" time="0.037">
  <properties/>
  <testcase name="render" classname="PictureTest" time="0.037"/>
  <system-out><![CDATA[]]></system-out>
  <system-err><![CDATA[]]></system-err>
</testsuite>
