<?xml version="1.0" encoding="UTF-8"?>
<testsuite name="RectangleTest" tests="1" skipped="0" failures="0" errors="0" timestamp="2019-10-21T21:27:49" hostname="Namita" time="0.003">
  <properties/>
  <testcase name="constructor1Test" classname="RectangleTest" time="0.003"/>
  <system-out><![CDATA[]]></system-out>
  <system-err><![CDATA[]]></system-err>
</testsuite>
