<?xml version="1.0" encoding="UTF-8"?>
<testsuite name="CompositeTest" tests="4" skipped="0" failures="0" errors="0" timestamp="2019-10-22T04:49:52" hostname="Namita" time="0.009">
  <properties/>
  <testcase name="moveTesting" classname="CompositeTest" time="0.007"/>
  <testcase name="appendDeleteShapeTest" classname="CompositeTest" time="0.0"/>
  <testcase name="computeAreaTesting" classname="CompositeTest" time="0.0"/>
  <testcase name="doubleCompositeTest" classname="CompositeTest" time="0.0"/>
  <system-out><![CDATA[]]></system-out>
  <system-err><![CDATA[]]></system-err>
</testsuite>
