<?xml version="1.0" encoding="UTF-8"?>
<testsuite name="RectangleTest" tests="1" skipped="0" failures="0" errors="0" timestamp="2019-10-22T23:15:56" hostname="Namita" time="0.008">
  <properties/>
  <testcase name="stringConstructorTest" classname="RectangleTest" time="0.008"/>
  <system-out><![CDATA[]]></system-out>
  <system-err><![CDATA[]]></system-err>
</testsuite>
