<?xml version="1.0" encoding="UTF-8"?>
<testsuite name="PointTest" tests="9" skipped="0" failures="0" errors="0" timestamp="2019-10-23T01:53:56" hostname="Namita" time="0.01">
  <properties/>
  <testcase name="stringConstructorTest" classname="PointTest" time="0.0"/>
  <testcase name="testClone" classname="PointTest" time="0.0"/>
  <testcase name="testMoveX" classname="PointTest" time="0.0"/>
  <testcase name="testMoveY" classname="PointTest" time="0.001"/>
  <testcase name="testMove" classname="PointTest" time="0.001"/>
  <testcase name="testComputeArea" classname="PointTest" time="0.0"/>
  <testcase name="testInvalidConstruction" classname="PointTest" time="0.0"/>
  <testcase name="testRender" classname="PointTest" time="0.006"/>
  <testcase name="testValidConstruction" classname="PointTest" time="0.0"/>
  <system-out><![CDATA[]]></system-out>
  <system-err><![CDATA[]]></system-err>
</testsuite>
